<?xml version="1.0" encoding="UTF-8"?>
<!-- Generated by org.testng.reporters.JUnitReportReporter -->
<testsuite hostname="honda-itos03" failures="0" tests="3" name="testng.SimpleTest" time="3.515" errors="0" timestamp="2025-05-18T16:32:12 WIB" skipped="0">
  <testcase classname="testng.SimpleTest" name="testMethod" time="1.011"/>
  <testcase classname="testng.SimpleTest" name="testMethod2" time="2.003"/>
  <testcase classname="testng.SimpleTest" name="testMethod3" time="0.501"/>
</testsuite> <!-- testng.SimpleTest -->
