<?xml version="1.0" encoding="UTF-8"?>
<!-- Generated by org.testng.reporters.JUnitReportReporter -->
<testsuite hostname="honda-itos03" failures="0" tests="3" name="testng.RetryTest" time="0.013" errors="0" timestamp="2025-05-18T16:32:12 WIB" skipped="2">
  <testcase classname="testng.RetryTest" name="flackyTest" time="0.000">
    <skipped/>
  </testcase> <!-- flackyTest -->
  <testcase classname="testng.RetryTest" name="flackyTest" time="0.012">
    <skipped/>
  </testcase> <!-- flackyTest -->
  <testcase classname="testng.RetryTest" name="flackyTest" time="0.001"/>
</testsuite> <!-- testng.RetryTest -->
