<?xml version="1.0" encoding="UTF-8"?>
<!-- Generated by org.testng.reporters.JUnitReportReporter -->
<testsuite hostname="honda-itos03" failures="0" tests="3" name="testng.DataProviderTest" time="0.012" errors="0" timestamp="2025-05-18T16:32:12 WIB" skipped="0">
  <testcase classname="testng.DataProviderTest" name="testMethod" time="0.001"/>
  <testcase classname="testng.DataProviderTest" name="testMethod" time="0.001"/>
  <testcase classname="testng.DataProviderTest" name="testMethod" time="0.010"/>
</testsuite> <!-- testng.DataProviderTest -->
